<?xml version="1.0" encoding="UTF-8"?>
<!-- Generated by org.testng.reporters.JUnitXMLReporter -->
<testsuite ignored="0" hostname="kemas" failures="0" tests="11" name="Default test" time="109.136" errors="0" timestamp="2022-05-13T13:51:46 IST">
  <testcase classname="com.mohs10.scripts.HomeTest" name="Review_TestCase" time="13.851"/>
  <testcase classname="com.mohs10.scripts.HomeTest" name="auto_suggestion_TestCase" time="5.183"/>
  <testcase classname="com.mohs10.scripts.HomeTest" name="searchProdTestCase" time="8.083"/>
  <testcase classname="com.mohs10.scripts.HomeTest" name="searchTestCase" time="8.05"/>
  <testcase classname="com.mohs10.scripts.HomeTest" name="search_AlphaNum_SpclChar_TestCase" time="10.897"/>
  <testcase classname="com.mohs10.scripts.HomeTest" name="search_AlphaNumericsTestCase" time="10.845"/>
  <testcase classname="com.mohs10.scripts.HomeTest" name="search_NumericsTestCase" time="10.148"/>
  <testcase classname="com.mohs10.scripts.HomeTest" name="search_SingleCharTestCase" time="10.388"/>
  <testcase classname="com.mohs10.scripts.HomeTest" name="search_SpclCharTestCase" time="8.028"/>
  <testcase classname="com.mohs10.scripts.HomeTest" name="searchiPhoneProdTestCase" time="11.126"/>
  <testcase classname="com.mohs10.scripts.HomeTest" name="srchTestCase" time="7.898"/>
</testsuite> <!-- Default test -->
