<?xml version="1.0" encoding="UTF-8"?>
<testng-results ignored="0" total="11" passed="11" failed="0" skipped="0">
  <reporter-output>
  </reporter-output>
  <suite started-at="2022-05-13T13:49:57 IST" name="Default suite" finished-at="2022-05-13T13:51:46 IST" duration-ms="109136">
    <groups>
    </groups>
    <test started-at="2022-05-13T13:49:57 IST" name="Default test" finished-at="2022-05-13T13:51:46 IST" duration-ms="109136">
      <class name="com.mohs10.scripts.HomeTest">
        <test-method is-config="true" signature="generateReport()[pri:0, instance:com.mohs10.scripts.HomeTest@73e22a3d]" started-at="2022-05-13T13:49:57 IST" name="generateReport" finished-at="2022-05-13T13:49:57 IST" duration-ms="486" status="PASS">
          <reporter-output>
          </reporter-output>
        </test-method> <!-- generateReport -->
        <test-method is-config="true" signature="beforeClass()[pri:0, instance:com.mohs10.scripts.HomeTest@73e22a3d]" started-at="2022-05-13T13:49:57 IST" name="beforeClass" finished-at="2022-05-13T13:50:01 IST" duration-ms="3181" status="PASS">
          <reporter-output>
          </reporter-output>
        </test-method> <!-- beforeClass -->
        <test-method is-config="true" signature="methodName(java.lang.reflect.Method)[pri:0, instance:com.mohs10.scripts.HomeTest@73e22a3d]" started-at="2022-05-13T13:50:01 IST" name="methodName" finished-at="2022-05-13T13:50:01 IST" duration-ms="21" status="PASS">
          <params>
            <param index="0">
              <value>
                <![CDATA[public void com.mohs10.scripts.HomeTest.Review_TestCase() throws java.lang.Exception]]>
              </value>
            </param>
          </params>
          <reporter-output>
          </reporter-output>
        </test-method> <!-- methodName -->
        <test-method signature="Review_TestCase()[pri:0, instance:com.mohs10.scripts.HomeTest@73e22a3d]" started-at="2022-05-13T13:50:01 IST" name="Review_TestCase" finished-at="2022-05-13T13:50:14 IST" duration-ms="13851" status="PASS">
          <reporter-output>
          </reporter-output>
        </test-method> <!-- Review_TestCase -->
        <test-method is-config="true" signature="methodName(java.lang.reflect.Method)[pri:0, instance:com.mohs10.scripts.HomeTest@73e22a3d]" started-at="2022-05-13T13:50:14 IST" name="methodName" finished-at="2022-05-13T13:50:14 IST" duration-ms="0" status="PASS">
          <params>
            <param index="0">
              <value>
                <![CDATA[public void com.mohs10.scripts.HomeTest.auto_suggestion_TestCase() throws java.lang.Exception]]>
              </value>
            </param>
          </params>
          <reporter-output>
          </reporter-output>
        </test-method> <!-- methodName -->
        <test-method signature="auto_suggestion_TestCase()[pri:0, instance:com.mohs10.scripts.HomeTest@73e22a3d]" started-at="2022-05-13T13:50:14 IST" name="auto_suggestion_TestCase" finished-at="2022-05-13T13:50:20 IST" duration-ms="5183" status="PASS">
          <reporter-output>
          </reporter-output>
        </test-method> <!-- auto_suggestion_TestCase -->
        <test-method is-config="true" signature="methodName(java.lang.reflect.Method)[pri:0, instance:com.mohs10.scripts.HomeTest@73e22a3d]" started-at="2022-05-13T13:50:20 IST" name="methodName" finished-at="2022-05-13T13:50:20 IST" duration-ms="1" status="PASS">
          <params>
            <param index="0">
              <value>
                <![CDATA[public void com.mohs10.scripts.HomeTest.searchProdTestCase() throws java.lang.Exception]]>
              </value>
            </param>
          </params>
          <reporter-output>
          </reporter-output>
        </test-method> <!-- methodName -->
        <test-method signature="searchProdTestCase()[pri:0, instance:com.mohs10.scripts.HomeTest@73e22a3d]" started-at="2022-05-13T13:50:20 IST" name="searchProdTestCase" finished-at="2022-05-13T13:50:28 IST" duration-ms="8083" status="PASS">
          <reporter-output>
          </reporter-output>
        </test-method> <!-- searchProdTestCase -->
        <test-method is-config="true" signature="methodName(java.lang.reflect.Method)[pri:0, instance:com.mohs10.scripts.HomeTest@73e22a3d]" started-at="2022-05-13T13:50:28 IST" name="methodName" finished-at="2022-05-13T13:50:28 IST" duration-ms="1" status="PASS">
          <params>
            <param index="0">
              <value>
                <![CDATA[public void com.mohs10.scripts.HomeTest.searchTestCase() throws java.lang.Exception]]>
              </value>
            </param>
          </params>
          <reporter-output>
          </reporter-output>
        </test-method> <!-- methodName -->
        <test-method signature="searchTestCase()[pri:0, instance:com.mohs10.scripts.HomeTest@73e22a3d]" started-at="2022-05-13T13:50:28 IST" name="searchTestCase" finished-at="2022-05-13T13:50:36 IST" duration-ms="8050" status="PASS">
          <reporter-output>
          </reporter-output>
        </test-method> <!-- searchTestCase -->
        <test-method is-config="true" signature="methodName(java.lang.reflect.Method)[pri:0, instance:com.mohs10.scripts.HomeTest@73e22a3d]" started-at="2022-05-13T13:50:36 IST" name="methodName" finished-at="2022-05-13T13:50:36 IST" duration-ms="1" status="PASS">
          <params>
            <param index="0">
              <value>
                <![CDATA[public void com.mohs10.scripts.HomeTest.search_AlphaNum_SpclChar_TestCase() throws java.lang.Exception]]>
              </value>
            </param>
          </params>
          <reporter-output>
          </reporter-output>
        </test-method> <!-- methodName -->
        <test-method signature="search_AlphaNum_SpclChar_TestCase()[pri:0, instance:com.mohs10.scripts.HomeTest@73e22a3d]" started-at="2022-05-13T13:50:36 IST" name="search_AlphaNum_SpclChar_TestCase" finished-at="2022-05-13T13:50:47 IST" duration-ms="10897" status="PASS">
          <reporter-output>
          </reporter-output>
        </test-method> <!-- search_AlphaNum_SpclChar_TestCase -->
        <test-method is-config="true" signature="methodName(java.lang.reflect.Method)[pri:0, instance:com.mohs10.scripts.HomeTest@73e22a3d]" started-at="2022-05-13T13:50:47 IST" name="methodName" finished-at="2022-05-13T13:50:47 IST" duration-ms="1" status="PASS">
          <params>
            <param index="0">
              <value>
                <![CDATA[public void com.mohs10.scripts.HomeTest.search_AlphaNumericsTestCase() throws java.lang.Exception]]>
              </value>
            </param>
          </params>
          <reporter-output>
          </reporter-output>
        </test-method> <!-- methodName -->
        <test-method signature="search_AlphaNumericsTestCase()[pri:0, instance:com.mohs10.scripts.HomeTest@73e22a3d]" started-at="2022-05-13T13:50:47 IST" name="search_AlphaNumericsTestCase" finished-at="2022-05-13T13:50:57 IST" duration-ms="10845" status="PASS">
          <reporter-output>
          </reporter-output>
        </test-method> <!-- search_AlphaNumericsTestCase -->
        <test-method is-config="true" signature="methodName(java.lang.reflect.Method)[pri:0, instance:com.mohs10.scripts.HomeTest@73e22a3d]" started-at="2022-05-13T13:50:57 IST" name="methodName" finished-at="2022-05-13T13:50:57 IST" duration-ms="0" status="PASS">
          <params>
            <param index="0">
              <value>
                <![CDATA[public void com.mohs10.scripts.HomeTest.search_NumericsTestCase() throws java.lang.Exception]]>
              </value>
            </param>
          </params>
          <reporter-output>
          </reporter-output>
        </test-method> <!-- methodName -->
        <test-method signature="search_NumericsTestCase()[pri:0, instance:com.mohs10.scripts.HomeTest@73e22a3d]" started-at="2022-05-13T13:50:57 IST" name="search_NumericsTestCase" finished-at="2022-05-13T13:51:08 IST" duration-ms="10148" status="PASS">
          <reporter-output>
          </reporter-output>
        </test-method> <!-- search_NumericsTestCase -->
        <test-method is-config="true" signature="methodName(java.lang.reflect.Method)[pri:0, instance:com.mohs10.scripts.HomeTest@73e22a3d]" started-at="2022-05-13T13:51:08 IST" name="methodName" finished-at="2022-05-13T13:51:08 IST" duration-ms="1" status="PASS">
          <params>
            <param index="0">
              <value>
                <![CDATA[public void com.mohs10.scripts.HomeTest.search_SingleCharTestCase() throws java.lang.Exception]]>
              </value>
            </param>
          </params>
          <reporter-output>
          </reporter-output>
        </test-method> <!-- methodName -->
        <test-method signature="search_SingleCharTestCase()[pri:0, instance:com.mohs10.scripts.HomeTest@73e22a3d]" started-at="2022-05-13T13:51:08 IST" name="search_SingleCharTestCase" finished-at="2022-05-13T13:51:18 IST" duration-ms="10388" status="PASS">
          <reporter-output>
          </reporter-output>
        </test-method> <!-- search_SingleCharTestCase -->
        <test-method is-config="true" signature="methodName(java.lang.reflect.Method)[pri:0, instance:com.mohs10.scripts.HomeTest@73e22a3d]" started-at="2022-05-13T13:51:18 IST" name="methodName" finished-at="2022-05-13T13:51:18 IST" duration-ms="1" status="PASS">
          <params>
            <param index="0">
              <value>
                <![CDATA[public void com.mohs10.scripts.HomeTest.search_SpclCharTestCase() throws java.lang.Exception]]>
              </value>
            </param>
          </params>
          <reporter-output>
          </reporter-output>
        </test-method> <!-- methodName -->
        <test-method signature="search_SpclCharTestCase()[pri:0, instance:com.mohs10.scripts.HomeTest@73e22a3d]" started-at="2022-05-13T13:51:18 IST" name="search_SpclCharTestCase" finished-at="2022-05-13T13:51:26 IST" duration-ms="8028" status="PASS">
          <reporter-output>
          </reporter-output>
        </test-method> <!-- search_SpclCharTestCase -->
        <test-method is-config="true" signature="methodName(java.lang.reflect.Method)[pri:0, instance:com.mohs10.scripts.HomeTest@73e22a3d]" started-at="2022-05-13T13:51:26 IST" name="methodName" finished-at="2022-05-13T13:51:26 IST" duration-ms="1" status="PASS">
          <params>
            <param index="0">
              <value>
                <![CDATA[public void com.mohs10.scripts.HomeTest.searchiPhoneProdTestCase() throws java.lang.Exception]]>
              </value>
            </param>
          </params>
          <reporter-output>
          </reporter-output>
        </test-method> <!-- methodName -->
        <test-method signature="searchiPhoneProdTestCase()[pri:0, instance:com.mohs10.scripts.HomeTest@73e22a3d]" started-at="2022-05-13T13:51:26 IST" name="searchiPhoneProdTestCase" finished-at="2022-05-13T13:51:37 IST" duration-ms="11126" status="PASS">
          <reporter-output>
          </reporter-output>
        </test-method> <!-- searchiPhoneProdTestCase -->
        <test-method is-config="true" signature="methodName(java.lang.reflect.Method)[pri:0, instance:com.mohs10.scripts.HomeTest@73e22a3d]" started-at="2022-05-13T13:51:37 IST" name="methodName" finished-at="2022-05-13T13:51:37 IST" duration-ms="1" status="PASS">
          <params>
            <param index="0">
              <value>
                <![CDATA[public void com.mohs10.scripts.HomeTest.srchTestCase() throws java.lang.Exception]]>
              </value>
            </param>
          </params>
          <reporter-output>
          </reporter-output>
        </test-method> <!-- methodName -->
        <test-method signature="srchTestCase()[pri:0, instance:com.mohs10.scripts.HomeTest@73e22a3d]" started-at="2022-05-13T13:51:37 IST" name="srchTestCase" finished-at="2022-05-13T13:51:45 IST" duration-ms="7898" status="PASS">
          <reporter-output>
          </reporter-output>
        </test-method> <!-- srchTestCase -->
        <test-method is-config="true" signature="afterClass()[pri:0, instance:com.mohs10.scripts.HomeTest@73e22a3d]" started-at="2022-05-13T13:51:45 IST" name="afterClass" finished-at="2022-05-13T13:51:46 IST" duration-ms="866" status="PASS">
          <reporter-output>
          </reporter-output>
        </test-method> <!-- afterClass -->
      </class> <!-- com.mohs10.scripts.HomeTest -->
    </test> <!-- Default test -->
  </suite> <!-- Default suite -->
</testng-results>
